<?xml version="1.0" encoding="UTF-8"?>
<coverage generated="1603275494607" clover="3.2.0">
  <project timestamp="1603275494607" name="All files">
    <metrics statements="15" coveredstatements="10" conditionals="8" coveredconditionals="2" methods="5" coveredmethods="3" elements="28" coveredelements="15" complexity="0" loc="15" ncloc="15" packages="1" files="1" classes="1"/>
    <file name="jest.js" path="/Users/eburbidge/Desktop/dev/a11ycore-embed/packages/jest/lib/jest.js">
      <metrics statements="15" coveredstatements="10" conditionals="8" coveredconditionals="2" methods="5" coveredmethods="3"/>
      <line num="2" count="1" type="stmt"/>
      <line num="3" count="1" type="stmt"/>
      <line num="4" count="1" type="stmt"/>
      <line num="6" count="1" type="stmt"/>
      <line num="12" count="1" type="stmt"/>
      <line num="13" count="1" type="stmt"/>
      <line num="14" count="1" type="stmt"/>
      <line num="15" count="1" type="stmt"/>
      <line num="16" count="1" type="cond" truecount="1" falsecount="1"/>
      <line num="17" count="1" type="stmt"/>
      <line num="23" count="0" type="cond" truecount="0" falsecount="1"/>
      <line num="24" count="0" type="stmt"/>
      <line num="25" count="0" type="cond" truecount="0" falsecount="2"/>
      <line num="26" count="0" type="stmt"/>
      <line num="27" count="0" type="stmt"/>
    </file>
  </project>
</coverage>
