{"/Users/eburbidge/Desktop/dev/a11ycore-embed/packages/jest/lib/jest.js": {"path":"/Users/eburbidge/Desktop/dev/a11ycore-embed/packages/jest/lib/jest.js","statementMap":{"0":{"start":{"line":2,"column":16},"end":{"line":2,"column":35}},"1":{"start":{"line":3,"column":14},"end":{"line":3,"column":37}},"2":{"start":{"line":4,"column":18},"end":{"line":4,"column":42}},"3":{"start":{"line":6,"column":0},"end":{"line":9,"column":2}},"4":{"start":{"line":12,"column":29},"end":{"line":12,"column":40}},"5":{"start":{"line":13,"column":2},"end":{"line":19,"column":5}},"6":{"start":{"line":14,"column":4},"end":{"line":18,"column":7}},"7":{"start":{"line":15,"column":6},"end":{"line":15,"column":16}},"8":{"start":{"line":16,"column":6},"end":{"line":16,"column":25}},"9":{"start":{"line":16,"column":15},"end":{"line":16,"column":25}},"10":{"start":{"line":17,"column":6},"end":{"line":17,"column":23}},"11":{"start":{"line":23,"column":51},"end":{"line":23,"column":57}},"12":{"start":{"line":24,"column":2},"end":{"line":24,"column":35}},"13":{"start":{"line":25,"column":2},"end":{"line":28,"column":3}},"14":{"start":{"line":26,"column":26},"end":{"line":26,"column":59}},"15":{"start":{"line":27,"column":4},"end":{"line":27,"column":44}}},"fnMap":{"0":{"name":"runA11yJest","decl":{"start":{"line":11,"column":9},"end":{"line":11,"column":20}},"loc":{"start":{"line":11,"column":46},"end":{"line":20,"column":1}},"line":11},"1":{"name":"(anonymous_1)","decl":{"start":{"line":13,"column":21},"end":{"line":13,"column":22}},"loc":{"start":{"line":13,"column":34},"end":{"line":19,"column":3}},"line":13},"2":{"name":"(anonymous_2)","decl":{"start":{"line":14,"column":34},"end":{"line":14,"column":35}},"loc":{"start":{"line":14,"column":52},"end":{"line":18,"column":5}},"line":14},"3":{"name":"configureA11yJest","decl":{"start":{"line":22,"column":9},"end":{"line":22,"column":26}},"loc":{"start":{"line":22,"column":40},"end":{"line":29,"column":1}},"line":22},"4":{"name":"(anonymous_4)","decl":{"start":{"line":25,"column":9},"end":{"line":25,"column":10}},"loc":{"start":{"line":25,"column":43},"end":{"line":28,"column":3}},"line":25}},"branchMap":{"0":{"loc":{"start":{"line":11,"column":21},"end":{"line":11,"column":30}},"type":"default-arg","locations":[{"start":{"line":11,"column":28},"end":{"line":11,"column":30}}],"line":11},"1":{"loc":{"start":{"line":11,"column":32},"end":{"line":11,"column":44}},"type":"default-arg","locations":[{"start":{"line":11,"column":42},"end":{"line":11,"column":44}}],"line":11},"2":{"loc":{"start":{"line":16,"column":6},"end":{"line":16,"column":25}},"type":"if","locations":[{"start":{"line":16,"column":6},"end":{"line":16,"column":25}},{"start":{"line":16,"column":6},"end":{"line":16,"column":25}}],"line":16},"3":{"loc":{"start":{"line":22,"column":27},"end":{"line":22,"column":38}},"type":"default-arg","locations":[{"start":{"line":22,"column":36},"end":{"line":22,"column":38}}],"line":22},"4":{"loc":{"start":{"line":23,"column":10},"end":{"line":23,"column":28}},"type":"default-arg","locations":[{"start":{"line":23,"column":26},"end":{"line":23,"column":28}}],"line":23},"5":{"loc":{"start":{"line":25,"column":18},"end":{"line":25,"column":27}},"type":"default-arg","locations":[{"start":{"line":25,"column":25},"end":{"line":25,"column":27}}],"line":25},"6":{"loc":{"start":{"line":25,"column":29},"end":{"line":25,"column":41}},"type":"default-arg","locations":[{"start":{"line":25,"column":39},"end":{"line":25,"column":41}}],"line":25}},"s":{"0":1,"1":1,"2":1,"3":1,"4":1,"5":1,"6":1,"7":1,"8":1,"9":0,"10":1,"11":0,"12":0,"13":0,"14":0,"15":0},"f":{"0":1,"1":1,"2":1,"3":0,"4":0},"b":{"0":[0],"1":[1],"2":[0,1],"3":[0],"4":[0],"5":[0],"6":[0]},"_coverageSchema":"1a1c01bbd47fc00a2c39e90264f33305004495a9","hash":"4112667586aaf371c8372a9b0e081215e4a24aa9"}
}
