TN:
SF:lib/jest.js
FN:11,runA11yJest
FN:13,(anonymous_1)
FN:14,(anonymous_2)
FN:22,configureA11yJest
FN:25,(anonymous_4)
FNF:5
FNH:3
FNDA:1,runA11yJest
FNDA:1,(anonymous_1)
FNDA:1,(anonymous_2)
FNDA:0,configureA11yJest
FNDA:0,(anonymous_4)
DA:2,1
DA:3,1
DA:4,1
DA:6,1
DA:12,1
DA:13,1
DA:14,1
DA:15,1
DA:16,1
DA:17,1
DA:23,0
DA:24,0
DA:25,0
DA:26,0
DA:27,0
LF:15
LH:10
BRDA:11,0,0,0
BRDA:11,1,0,1
BRDA:16,2,0,0
BRDA:16,2,1,1
BRDA:22,3,0,0
BRDA:23,4,0,0
BRDA:25,5,0,0
BRDA:25,6,0,0
BRF:8
BRH:2
end_of_record
